
Starting:    C:\Microsemi\Libero_SoC_v11.9\SynplifyPro\bin64\mbin\synbatch.exe
Install:     C:\Microsemi\Libero_SoC_v11.9\SynplifyPro
Hostname:    EECS373-11
Date:        Tue Apr 09 17:21:03 2019
Version:     L-2016.09M-SP1-5

Arguments:   -product synplify_pro -licensetype synplifypro_actel -batch -log synplify.log core_syn.tcl
ProductType: synplify_pro

License checkout: synplifypro_actel
License: synplifypro_actel node-locked 
Licensed Vendor: actel
License Option: actel_oem

Running in Vendor Mode


auto_infer_blackbox is not supported in current product.

log file: "C:\Users\sradha\Desktop\new373Proj\DigitalSixthSense\synthesis\core.srr"

Running: synthesis in foreground



Running core_syn|synthesis


Running: compile (Compile) on core_syn|synthesis
# Tue Apr 09 17:21:03 2019


Running: compile_flow (Compile Process) on core_syn|synthesis
# Tue Apr 09 17:21:03 2019


Running: compiler (Compile Input) on core_syn|synthesis
# Tue Apr 09 17:21:03 2019

Copied C:\Users\sradha\Desktop\new373Proj\DigitalSixthSense\synthesis\synwork\core_comp.srs to C:\Users\sradha\Desktop\new373Proj\DigitalSixthSense\synthesis\core.srs


compiler completed
# Tue Apr 09 17:21:05 2019

Return Code: 0
Run Time:00h:00m:02s


Running: multi_srs_gen (Multi-srs Generator) on core_syn|synthesis
# Tue Apr 09 17:21:05 2019


multi_srs_gen completed
# Tue Apr 09 17:21:05 2019

Return Code: 0
Run Time:00h:00m:00s

Copied C:\Users\sradha\Desktop\new373Proj\DigitalSixthSense\synthesis\synwork\core_mult.srs to C:\Users\sradha\Desktop\new373Proj\DigitalSixthSense\synthesis\core.srs

Complete: Compile Process on core_syn|synthesis


Running: premap (Pre-mapping) on core_syn|synthesis
# Tue Apr 09 17:21:05 2019


premap completed
# Tue Apr 09 17:21:05 2019

Return Code: 0
Run Time:00h:00m:00s

Complete: Compile on core_syn|synthesis


Running: map (Map) on core_syn|synthesis
# Tue Apr 09 17:21:05 2019

License granted for 4 parallel jobs


Running: fpga_mapper (Map & Optimize) on core_syn|synthesis
# Tue Apr 09 17:21:05 2019

Copied C:\Users\sradha\Desktop\new373Proj\DigitalSixthSense\synthesis\synwork\core_m.srm to C:\Users\sradha\Desktop\new373Proj\DigitalSixthSense\synthesis\core.srm


fpga_mapper completed
# Tue Apr 09 17:21:06 2019

Return Code: 0
Run Time:00h:00m:01s

Complete: Map on core_syn|synthesis

Complete: Logic Synthesis on core_syn|synthesis

TCL script complete: "core_syn.tcl"

exit status=0

exit status=0

License checkin: synplifypro_actel

