Target Part: A2F200M3F_FBGA484_STD
Report for cell core.verilog
  Core Cell usage:
              cell count     area count*area
               GND     2      0.0        0.0
           MSS_APB     1      0.0        0.0
           MSS_CCC     1      0.0        0.0
             RCOSC     1      0.0        0.0
               VCC     2      0.0        0.0


                   -----          ----------
             TOTAL     7                 0.0


  IO Cell usage:
              cell count
   BIBUF_OPEND_MSS     4
             INBUF     1
         INBUF_MSS     3
            OUTBUF     1
        OUTBUF_MSS     2
                   -----
             TOTAL    11


Core Cells         : 0 of 4608 (0%)
IO Cells           : 11

  RAM/ROM Usage Summary
Block Rams : 0 of 8 (0%)

