Software Version: 11.9.0.4
creating folder: C:\Users\rdslade\Desktop\DigitalSixthSense\designer\impl1\core_fp
Driver : 3.0.0 build 1
programmer '79945' : FlashPro3
Created new project 'C:/Users/rdslade/Desktop/DigitalSixthSense/designer/impl1/core_fp\core.pro'
The 'new_project' command succeeded.
The 'set_device_type' command succeeded.
The 'set_device_package' command succeeded.
Info: Adding Flash Memory data from file
      C:\Users\rdslade\Desktop\DigitalSixthSense\component\work\core\MSS_ENVM_0\MSS_ENVM_0.efc.
Info: Adding FPGA Array data from file
      C:\Users\rdslade\Desktop\DigitalSixthSense\designer\impl1\core.fdb.
PDB file 'C:\Users\rdslade\Desktop\DigitalSixthSense\designer\impl1\core_fp\core.pdb' has been
loaded successfully.
DESIGN : core;  CHECKSUM : 7226;  PDB_VERSION : 1.9
The 'update_programming_file' command succeeded.
The 'set_programming_action' command succeeded.
programmer '79945' : Scan Chain...
Warning: programmer '79945' : Vpump has been selected on programmer AND an externally provided
         Vpump has also been detected. Using externally provided Vpump voltage source.
programmer '79945' : Scan Chain PASSED.
programmer '79945' : Executing action PROGRAM
programmer '79945' : EXPORT FSN[48] = 014b3e608c84
programmer '79945' : Erase ...
programmer '79945' : Completed erase
programmer '79945' : EXPORT CHECKSUM[16] = 7226
programmer '79945' : Programming FPGA Array
programmer '79945' : Verifying FPGA Array
programmer '79945' :         Verifying FPGA Array -- pass
programmer '79945' : Program System Init and Boot Clients...
programmer '79945' : Verify System Init and Boot Clients...
programmer '79945' : Finished: Mon Apr 01 13:43:53 2019 (Elapsed time 00:00:34)
programmer '79945' : Executing action PROGRAM PASSED.

                        o - o - o - o - o - o

The 'run_selected_actions' command succeeded.
creating folder: C:\Users\rdslade\Desktop\DigitalSixthSense\designer\impl1\core_fp\projectData
Project saved.
The 'save_project' command succeeded.
Project closed.
